0 info it worked if it ends with ok
1 verbose cli [ '/Users/danquinn/.nvm/v0.10.25/bin/node',
1 verbose cli   '/Users/danquinn/.nvm/v0.10.25/bin/npm',
1 verbose cli   'publish' ]
2 info using npm@1.3.24
3 info using node@v0.10.25
4 verbose publish [ '.' ]
5 verbose cache add [ '.', null ]
6 verbose cache add name=undefined spec="." args=[".",null]
7 verbose parsed url { protocol: null,
7 verbose parsed url   slashes: null,
7 verbose parsed url   auth: null,
7 verbose parsed url   host: null,
7 verbose parsed url   port: null,
7 verbose parsed url   hostname: null,
7 verbose parsed url   hash: null,
7 verbose parsed url   search: null,
7 verbose parsed url   query: null,
7 verbose parsed url   pathname: '.',
7 verbose parsed url   path: '.',
7 verbose parsed url   href: '.' }
8 silly lockFile 3a52ce78- .
9 verbose lock . /Users/danquinn/.npm/3a52ce78-.lock
10 verbose tar pack [ '/var/folders/qt/yvdhqyw13p71g09p133mhf_h0000gn/T/npm-9739-I0kPJzdc/1399359302942-0.9416511915624142/tmp.tgz',
10 verbose tar pack   '.' ]
11 verbose tarball /var/folders/qt/yvdhqyw13p71g09p133mhf_h0000gn/T/npm-9739-I0kPJzdc/1399359302942-0.9416511915624142/tmp.tgz
12 verbose folder .
13 info prepublish keystone-rest@0.0.2
14 silly lockFile 1f1177db-tar tar://.
15 verbose lock tar://. /Users/danquinn/.npm/1f1177db-tar.lock
16 silly lockFile 6d04ae7a-02942-0-9416511915624142-tmp-tgz tar:///var/folders/qt/yvdhqyw13p71g09p133mhf_h0000gn/T/npm-9739-I0kPJzdc/1399359302942-0.9416511915624142/tmp.tgz
17 verbose lock tar:///var/folders/qt/yvdhqyw13p71g09p133mhf_h0000gn/T/npm-9739-I0kPJzdc/1399359302942-0.9416511915624142/tmp.tgz /Users/danquinn/.npm/6d04ae7a-02942-0-9416511915624142-tmp-tgz.lock
18 silly lockFile 1f1177db-tar tar://.
19 silly lockFile 1f1177db-tar tar://.
20 silly lockFile 6d04ae7a-02942-0-9416511915624142-tmp-tgz tar:///var/folders/qt/yvdhqyw13p71g09p133mhf_h0000gn/T/npm-9739-I0kPJzdc/1399359302942-0.9416511915624142/tmp.tgz
21 silly lockFile 6d04ae7a-02942-0-9416511915624142-tmp-tgz tar:///var/folders/qt/yvdhqyw13p71g09p133mhf_h0000gn/T/npm-9739-I0kPJzdc/1399359302942-0.9416511915624142/tmp.tgz
22 verbose tar unpack /var/folders/qt/yvdhqyw13p71g09p133mhf_h0000gn/T/npm-9739-I0kPJzdc/1399359302942-0.9416511915624142/tmp.tgz
23 silly lockFile f9bdef1c-02942-0-9416511915624142-package tar:///var/folders/qt/yvdhqyw13p71g09p133mhf_h0000gn/T/npm-9739-I0kPJzdc/1399359302942-0.9416511915624142/package
24 verbose lock tar:///var/folders/qt/yvdhqyw13p71g09p133mhf_h0000gn/T/npm-9739-I0kPJzdc/1399359302942-0.9416511915624142/package /Users/danquinn/.npm/f9bdef1c-02942-0-9416511915624142-package.lock
25 silly lockFile 6d04ae7a-02942-0-9416511915624142-tmp-tgz tar:///var/folders/qt/yvdhqyw13p71g09p133mhf_h0000gn/T/npm-9739-I0kPJzdc/1399359302942-0.9416511915624142/tmp.tgz
26 verbose lock tar:///var/folders/qt/yvdhqyw13p71g09p133mhf_h0000gn/T/npm-9739-I0kPJzdc/1399359302942-0.9416511915624142/tmp.tgz /Users/danquinn/.npm/6d04ae7a-02942-0-9416511915624142-tmp-tgz.lock
27 silly gunzTarPerm modes [ '755', '644' ]
28 silly gunzTarPerm extractEntry package.json
29 silly gunzTarPerm extractEntry .npmignore
30 silly gunzTarPerm extractEntry README.md
31 silly gunzTarPerm extractEntry gulpfile.js
32 silly gunzTarPerm extractEntry index.js
33 silly gunzTarPerm extractEntry documentation/KeystoneRest.html
34 silly gunzTarPerm extractEntry documentation/classes.list.html
35 silly gunzTarPerm extractEntry documentation/img/glyphicons-halflings-white.png
36 silly gunzTarPerm extractEntry documentation/img/glyphicons-halflings.png
37 silly gunzTarPerm extractEntry documentation/index.html
38 silly gunzTarPerm extractEntry documentation/index.js.html
39 silly gunzTarPerm extractEntry documentation/scripts/URI.js
40 silly gunzTarPerm extractEntry documentation/scripts/jquery.localScroll.js
41 silly gunzTarPerm extractEntry documentation/scripts/jquery.min.js
42 silly gunzTarPerm extractEntry documentation/scripts/jquery.scrollTo.js
43 silly gunzTarPerm extractEntry documentation/scripts/jquery.sunlight.js
44 silly gunzTarPerm extractEntry documentation/scripts/bootstrap-tab.js
45 silly gunzTarPerm extractEntry documentation/scripts/sunlight.js
46 silly gunzTarPerm extractEntry documentation/scripts/sunlight-plugin.doclinks.js
47 silly gunzTarPerm extractEntry documentation/scripts/sunlight-plugin.linenumbers.js
48 silly gunzTarPerm extractEntry documentation/scripts/sunlight-plugin.menu.js
49 silly gunzTarPerm extractEntry documentation/scripts/sunlight.javascript.js
50 silly gunzTarPerm extractEntry documentation/scripts/bootstrap-dropdown.js
51 silly gunzTarPerm extractEntry documentation/scripts/toc.js
52 silly gunzTarPerm extractEntry documentation/scripts/linenumber.js
53 silly gunzTarPerm extractEntry documentation/scripts/prettify/jquery.min.js
54 silly gunzTarPerm extractEntry documentation/scripts/prettify/lang-css.js
55 silly gunzTarPerm extractEntry documentation/scripts/prettify/prettify.js
56 silly gunzTarPerm extractEntry documentation/scripts/prettify/Apache-License-2.0.txt
57 silly gunzTarPerm extractEntry documentation/styles/site.journal.css
58 silly gunzTarPerm extractEntry documentation/styles/darkstrap.css
59 silly gunzTarPerm extractEntry documentation/styles/prettify-jsdoc.css
60 silly gunzTarPerm extractEntry documentation/styles/prettify-tomorrow.css
61 silly gunzTarPerm extractEntry documentation/styles/site.amelia.css
62 silly gunzTarPerm extractEntry documentation/styles/site.cerulean.css
63 silly gunzTarPerm extractEntry documentation/styles/site.cosmo.css
64 silly gunzTarPerm extractEntry documentation/styles/site.cyborg.css
65 silly gunzTarPerm extractEntry documentation/styles/site.darkstrap.css
66 silly gunzTarPerm extractEntry documentation/styles/site.flatly.css
67 silly gunzTarPerm extractEntry documentation/styles/jsdoc-default.css
68 silly gunzTarPerm extractEntry documentation/styles/site.readable.css
69 silly gunzTarPerm extractEntry documentation/styles/site.simplex.css
70 silly gunzTarPerm extractEntry documentation/styles/site.slate.css
71 silly gunzTarPerm extractEntry documentation/styles/site.spacelab.css
72 silly gunzTarPerm extractEntry documentation/styles/site.spruce.css
73 silly gunzTarPerm extractEntry documentation/styles/site.superhero.css
74 silly gunzTarPerm extractEntry documentation/styles/site.united.css
75 silly gunzTarPerm extractEntry documentation/styles/sunlight.dark.css
76 silly gunzTarPerm extractEntry documentation/styles/sunlight.default.css
77 silly lockFile f9bdef1c-02942-0-9416511915624142-package tar:///var/folders/qt/yvdhqyw13p71g09p133mhf_h0000gn/T/npm-9739-I0kPJzdc/1399359302942-0.9416511915624142/package
78 silly lockFile f9bdef1c-02942-0-9416511915624142-package tar:///var/folders/qt/yvdhqyw13p71g09p133mhf_h0000gn/T/npm-9739-I0kPJzdc/1399359302942-0.9416511915624142/package
79 silly lockFile 6d04ae7a-02942-0-9416511915624142-tmp-tgz tar:///var/folders/qt/yvdhqyw13p71g09p133mhf_h0000gn/T/npm-9739-I0kPJzdc/1399359302942-0.9416511915624142/tmp.tgz
80 silly lockFile 6d04ae7a-02942-0-9416511915624142-tmp-tgz tar:///var/folders/qt/yvdhqyw13p71g09p133mhf_h0000gn/T/npm-9739-I0kPJzdc/1399359302942-0.9416511915624142/tmp.tgz
81 verbose tar pack [ '/Users/danquinn/.npm/keystone-rest/0.0.2/package.tgz',
81 verbose tar pack   '/var/folders/qt/yvdhqyw13p71g09p133mhf_h0000gn/T/npm-9739-I0kPJzdc/1399359302942-0.9416511915624142/package' ]
82 verbose tarball /Users/danquinn/.npm/keystone-rest/0.0.2/package.tgz
83 verbose folder /var/folders/qt/yvdhqyw13p71g09p133mhf_h0000gn/T/npm-9739-I0kPJzdc/1399359302942-0.9416511915624142/package
84 silly lockFile f9bdef1c-02942-0-9416511915624142-package tar:///var/folders/qt/yvdhqyw13p71g09p133mhf_h0000gn/T/npm-9739-I0kPJzdc/1399359302942-0.9416511915624142/package
85 verbose lock tar:///var/folders/qt/yvdhqyw13p71g09p133mhf_h0000gn/T/npm-9739-I0kPJzdc/1399359302942-0.9416511915624142/package /Users/danquinn/.npm/f9bdef1c-02942-0-9416511915624142-package.lock
86 silly lockFile 2304f456--keystone-rest-0-0-2-package-tgz tar:///Users/danquinn/.npm/keystone-rest/0.0.2/package.tgz
87 verbose lock tar:///Users/danquinn/.npm/keystone-rest/0.0.2/package.tgz /Users/danquinn/.npm/2304f456--keystone-rest-0-0-2-package-tgz.lock
88 silly lockFile f9bdef1c-02942-0-9416511915624142-package tar:///var/folders/qt/yvdhqyw13p71g09p133mhf_h0000gn/T/npm-9739-I0kPJzdc/1399359302942-0.9416511915624142/package
89 silly lockFile f9bdef1c-02942-0-9416511915624142-package tar:///var/folders/qt/yvdhqyw13p71g09p133mhf_h0000gn/T/npm-9739-I0kPJzdc/1399359302942-0.9416511915624142/package
90 silly lockFile 2304f456--keystone-rest-0-0-2-package-tgz tar:///Users/danquinn/.npm/keystone-rest/0.0.2/package.tgz
91 silly lockFile 2304f456--keystone-rest-0-0-2-package-tgz tar:///Users/danquinn/.npm/keystone-rest/0.0.2/package.tgz
92 silly lockFile db8cb49d--npm-keystone-rest-0-0-2-package /Users/danquinn/.npm/keystone-rest/0.0.2/package
93 verbose lock /Users/danquinn/.npm/keystone-rest/0.0.2/package /Users/danquinn/.npm/db8cb49d--npm-keystone-rest-0-0-2-package.lock
94 silly lockFile db8cb49d--npm-keystone-rest-0-0-2-package /Users/danquinn/.npm/keystone-rest/0.0.2/package
95 silly lockFile db8cb49d--npm-keystone-rest-0-0-2-package /Users/danquinn/.npm/keystone-rest/0.0.2/package
96 verbose tar unpack /Users/danquinn/.npm/keystone-rest/0.0.2/package.tgz
97 silly lockFile 5b64fde3--npm-keystone-rest-0-0-2-package tar:///Users/danquinn/.npm/keystone-rest/0.0.2/package
98 verbose lock tar:///Users/danquinn/.npm/keystone-rest/0.0.2/package /Users/danquinn/.npm/5b64fde3--npm-keystone-rest-0-0-2-package.lock
99 silly lockFile 2304f456--keystone-rest-0-0-2-package-tgz tar:///Users/danquinn/.npm/keystone-rest/0.0.2/package.tgz
100 verbose lock tar:///Users/danquinn/.npm/keystone-rest/0.0.2/package.tgz /Users/danquinn/.npm/2304f456--keystone-rest-0-0-2-package-tgz.lock
101 silly gunzTarPerm modes [ '755', '644' ]
102 silly gunzTarPerm extractEntry package.json
103 silly gunzTarPerm extractEntry .npmignore
104 silly gunzTarPerm extractEntry README.md
105 silly gunzTarPerm extractEntry gulpfile.js
106 silly gunzTarPerm extractEntry index.js
107 silly gunzTarPerm extractEntry documentation/KeystoneRest.html
108 silly gunzTarPerm extractEntry documentation/classes.list.html
109 silly gunzTarPerm extractEntry documentation/img/glyphicons-halflings-white.png
110 silly gunzTarPerm extractEntry documentation/img/glyphicons-halflings.png
111 silly gunzTarPerm extractEntry documentation/index.html
112 silly gunzTarPerm extractEntry documentation/index.js.html
113 silly gunzTarPerm extractEntry documentation/scripts/URI.js
114 silly gunzTarPerm extractEntry documentation/scripts/jquery.localScroll.js
115 silly gunzTarPerm extractEntry documentation/scripts/jquery.min.js
116 silly gunzTarPerm extractEntry documentation/scripts/jquery.scrollTo.js
117 silly gunzTarPerm extractEntry documentation/scripts/jquery.sunlight.js
118 silly gunzTarPerm extractEntry documentation/scripts/bootstrap-tab.js
119 silly gunzTarPerm extractEntry documentation/scripts/sunlight.js
120 silly gunzTarPerm extractEntry documentation/scripts/sunlight-plugin.doclinks.js
121 silly gunzTarPerm extractEntry documentation/scripts/sunlight-plugin.linenumbers.js
122 silly gunzTarPerm extractEntry documentation/scripts/sunlight-plugin.menu.js
123 silly gunzTarPerm extractEntry documentation/scripts/sunlight.javascript.js
124 silly gunzTarPerm extractEntry documentation/scripts/bootstrap-dropdown.js
125 silly gunzTarPerm extractEntry documentation/scripts/toc.js
126 silly gunzTarPerm extractEntry documentation/scripts/linenumber.js
127 silly gunzTarPerm extractEntry documentation/scripts/prettify/jquery.min.js
128 silly gunzTarPerm extractEntry documentation/scripts/prettify/lang-css.js
129 silly gunzTarPerm extractEntry documentation/scripts/prettify/prettify.js
130 silly gunzTarPerm extractEntry documentation/scripts/prettify/Apache-License-2.0.txt
131 silly gunzTarPerm extractEntry documentation/styles/site.journal.css
132 silly gunzTarPerm extractEntry documentation/styles/darkstrap.css
133 silly gunzTarPerm extractEntry documentation/styles/prettify-jsdoc.css
134 silly gunzTarPerm extractEntry documentation/styles/prettify-tomorrow.css
135 silly gunzTarPerm extractEntry documentation/styles/site.amelia.css
136 silly gunzTarPerm extractEntry documentation/styles/site.cerulean.css
137 silly gunzTarPerm extractEntry documentation/styles/site.cosmo.css
138 silly gunzTarPerm extractEntry documentation/styles/site.cyborg.css
139 silly gunzTarPerm extractEntry documentation/styles/site.darkstrap.css
140 silly gunzTarPerm extractEntry documentation/styles/site.flatly.css
141 silly gunzTarPerm extractEntry documentation/styles/jsdoc-default.css
142 silly gunzTarPerm extractEntry documentation/styles/site.readable.css
143 silly gunzTarPerm extractEntry documentation/styles/site.simplex.css
144 silly gunzTarPerm extractEntry documentation/styles/site.slate.css
145 silly gunzTarPerm extractEntry documentation/styles/site.spacelab.css
146 silly gunzTarPerm extractEntry documentation/styles/site.spruce.css
147 silly gunzTarPerm extractEntry documentation/styles/site.superhero.css
148 silly gunzTarPerm extractEntry documentation/styles/site.united.css
149 silly gunzTarPerm extractEntry documentation/styles/sunlight.dark.css
150 silly gunzTarPerm extractEntry documentation/styles/sunlight.default.css
151 silly lockFile 5b64fde3--npm-keystone-rest-0-0-2-package tar:///Users/danquinn/.npm/keystone-rest/0.0.2/package
152 silly lockFile 5b64fde3--npm-keystone-rest-0-0-2-package tar:///Users/danquinn/.npm/keystone-rest/0.0.2/package
153 silly lockFile 2304f456--keystone-rest-0-0-2-package-tgz tar:///Users/danquinn/.npm/keystone-rest/0.0.2/package.tgz
154 silly lockFile 2304f456--keystone-rest-0-0-2-package-tgz tar:///Users/danquinn/.npm/keystone-rest/0.0.2/package.tgz
155 verbose chmod /Users/danquinn/.npm/keystone-rest/0.0.2/package.tgz 644
156 verbose chown /Users/danquinn/.npm/keystone-rest/0.0.2/package.tgz [ 501, 20 ]
157 silly lockFile 3a52ce78- .
158 silly lockFile 3a52ce78- .
159 silly publish { name: 'keystone-rest',
159 silly publish   version: '0.0.2',
159 silly publish   description: 'Exposes keystone lists via restful api',
159 silly publish   main: 'index.js',
159 silly publish   scripts: { test: 'echo "Error: no test specified" && exit 1' },
159 silly publish   repository:
159 silly publish    { type: 'git',
159 silly publish      url: 'https://github.com/danielpquinn/keystone-rest.git' },
159 silly publish   keywords: [ 'keystone', 'keystonejs' ],
159 silly publish   author: { name: 'Dan Quinn' },
159 silly publish   license: 'ISC',
159 silly publish   bugs: { url: 'https://github.com/danielpquinn/keystone-rest/issues' },
159 silly publish   homepage: 'http://danielpquinn.github.io/keystone-rest/index.html',
159 silly publish   dependencies: { underscore: '~1.6.0' },
159 silly publish   devDependencies:
159 silly publish    { 'ink-docstrap': '~0.3.0-0',
159 silly publish      jsdoc: '~3.3.0-alpha5',
159 silly publish      'gulp-jsdoc': '~0.1.4',
159 silly publish      gulp: '~3.6.2' },
159 silly publish   readme: 'keystone-rest\n=============\n\nExpose keystone lists via REST api.\n\n\nDocumentation\n-------------\n[http://danielpquinn.github.io/keystone-rest](http://danielpquinn.github.io/keystone-rest)\n\n\nUsage\n-----\n\n    var keystone = require(\'keystone\'),\n      Types = keystone.Field.Types,\n      keystoneRest = require(\'keystone-rest\');\n\n    var User = new keystone.List(\'User\');\n\n    User.add({\n      name: { type: Types.Name, required: true, index: true },\n      password: { type: Types.Password, initial: true, required: false }\n    });\n\n\n    // Expose Attribute model via REST api\n    keystoneRest.exposeRoutes(User, {\n      post: {},\n      get: { omit: [\'password\'] },\n      put: { omit: [\'password\'] },\n      delete: {}\n    });\n\n    User.register();\n\n    // Add routes to app\n    _.each(keystoneRest.routes, function (route) {\n      app[route.method](route.route, route.handler);\n    });',
159 silly publish   readmeFilename: 'README.md',
159 silly publish   _id: 'keystone-rest@0.0.2',
159 silly publish   dist: { shasum: 'd9ecedaa5dcead080d51a271c58a600b04cac00a' },
159 silly publish   _from: '.' }
160 verbose url raw keystone-rest
161 verbose url resolving [ 'https://registry.npmjs.org/', './keystone-rest' ]
162 verbose url resolved https://registry.npmjs.org/keystone-rest
163 info trying registry request attempt 1 at 23:55:04
164 http PUT https://registry.npmjs.org/keystone-rest
165 http 403 https://registry.npmjs.org/keystone-rest
166 info trying registry request attempt 1 at 23:55:05
167 http PUT https://registry.npmjs.org/keystone-rest
168 http 403 https://registry.npmjs.org/keystone-rest
169 error publish Failed PUT 403
170 error Error: forbidden cannot modify pre-existing version: 0.0.2
170 error old={"name":"keystone-rest","version":"0.0.2","description":"Exposes keystone lists via restful api","main":"index.js","scripts":{"test":"echo \"Error: no test specified\" && exit 1"},"repository":{"type":"git","url":"https://github.com/danielpquinn/keystone-rest.git"},"keywords":["keystone","keystonejs"],"author":{"name":"Dan Quinn"},"license":"ISC","bugs":{"url":"https://github.com/danielpquinn/keystone-rest/issues"},"homepage":"http://danielpquinn.github.io/keystone-rest/index.html","dependencies":{"underscore":"~1.6.0"},"devDependencies":{"ink-docstrap":"~0.3.0-0","jsdoc":"~3.3.0-alpha5","gulp-jsdoc":"~0.1.4","gulp":"~3.6.2"},"_id":"keystone-rest@0.0.2","dist":{"shasum":"786ad17c5140c3f6b81b3a7612437f65d763109a","tarball":"http://registry.npmjs.org/keystone-rest/-/keystone-rest-0.0.2.tgz"},"_from":".","_npmVersion":"1.3.21","_npmUser":{"name":"danielpquinn","email":"dan@danquinndesign.com"},"maintainers":[{"name":"danielpquinn","email":"dan@danquinndesign.com"}]}
170 error new={"name":"keystone-rest","version":"0.0.2","description":"Exposes keystone lists via restful api","main":"index.js","scripts":{"test":"echo \"Error: no test specified\" && exit 1"},"repository":{"type":"git","url":"https://github.com/danielpquinn/keystone-rest.git"},"keywords":["keystone","keystonejs"],"author":{"name":"Dan Quinn"},"license":"ISC","bugs":{"url":"https://github.com/danielpquinn/keystone-rest/issues"},"homepage":"http://danielpquinn.github.io/keystone-rest/index.html","dependencies":{"underscore":"~1.6.0"},"devDependencies":{"ink-docstrap":"~0.3.0-0","jsdoc":"~3.3.0-alpha5","gulp-jsdoc":"~0.1.4","gulp":"~3.6.2"},"readme":"keystone-rest\u000a=============\u000a\u000aExpose keystone lists via REST api.\u000a\u000a\u000aDocumentation\u000a-------------\u000a[http://danielpquinn.github.io/keystone-rest](http://danielpquinn.github.io/keystone-rest)\u000a\u000a\u000aUsage\u000a-----\u000a\u000a    var keystone = require('keystone'),\u000a      Types = keystone.Field.Types,\u000a      keystoneRest = require('keystone-rest');\u000a\u000a    var User = new keystone.List('User');\u000a\u000a    User.add({\u000a      name: { type: Types.Name, required: true, index: true },\u000a      password: { type: Types.Password, initial: true, required: false }\u000a    });\u000a\u000a\u000a    // Expose Attribute model via REST api\u000a    keystoneRest.exposeRoutes(User, {\u000a      post: {},\u000a      get: { omit: ['password'] },\u000a      put: { omit: ['password'] },\u000a      delete: {}\u000a    });\u000a\u000a    User.register();\u000a\u000a    // Add routes to app\u000a    _.each(keystoneRest.routes, function (route) {\u000a      app[route.method](route.route, route.handler);\u000a    });","readmeFilename":"README.md","_id":"keystone-rest@0.0.2","dist":{"shasum":"d9ecedaa5dcead080d51a271c58a600b04cac00a","tarball":"http://registry.npmjs.org/keystone-rest/-/keystone-rest-0.0.2.tgz"},"_from":".","_npmVersion":"1.3.24","_npmUser":{"name":"danielpquinn","email":"dan@danquinndesign.com"},"maintainers":[{"name":"danielpquinn","email":"dan@danquinndesign.com"}]}: keystone-rest
170 error     at RegClient.<anonymous> (/Users/danquinn/.nvm/v0.10.25/lib/node_modules/npm/node_modules/npm-registry-client/lib/request.js:275:14)
170 error     at Request.self.callback (/Users/danquinn/.nvm/v0.10.25/lib/node_modules/npm/node_modules/request/request.js:123:22)
170 error     at Request.EventEmitter.emit (events.js:98:17)
170 error     at Request.<anonymous> (/Users/danquinn/.nvm/v0.10.25/lib/node_modules/npm/node_modules/request/request.js:893:14)
170 error     at Request.EventEmitter.emit (events.js:117:20)
170 error     at IncomingMessage.<anonymous> (/Users/danquinn/.nvm/v0.10.25/lib/node_modules/npm/node_modules/request/request.js:844:12)
170 error     at IncomingMessage.EventEmitter.emit (events.js:117:20)
170 error     at _stream_readable.js:920:16
170 error     at process._tickCallback (node.js:415:13)
171 error If you need help, you may report this *entire* log,
171 error including the npm and node versions, at:
171 error     <http://github.com/isaacs/npm/issues>
172 error System Darwin 13.1.0
173 error command "/Users/danquinn/.nvm/v0.10.25/bin/node" "/Users/danquinn/.nvm/v0.10.25/bin/npm" "publish"
174 error cwd /Users/danquinn/Code/keystone-rest
175 error node -v v0.10.25
176 error npm -v 1.3.24
177 verbose exit [ 1, true ]
